<?xml version="1.0" encoding="UTF-8"?>
<!-- Generated by org.testng.reporters.JUnitReportReporter -->
<testsuite hostname="sugantha" failures="0" tests="1" name="test.TestNG_Demeo" time="16.123" errors="0" timestamp="2021-08-27T12:47:42 IST" skipped="0">
  <testcase classname="test.TestNG_Demeo" name="googleSearch" time="16.123"/>
  <system-out/>
</testsuite> <!-- test.TestNG_Demeo -->
