<?xml version="1.0" encoding="UTF-8"?>
<!-- Generated by org.testng.reporters.JUnitReportReporter -->
<testsuite hostname="sugantha" failures="0" tests="3" name="demo.TestNGDependencyDemo" time="0.024" errors="0" timestamp="2021-08-31T17:38:31 IST" skipped="0">
  <testcase classname="demo.TestNGDependencyDemo" name="test3" time="0.005"/>
  <system-out/>
  <testcase classname="demo.TestNGDependencyDemo" name="test1" time="0.003"/>
  <system-out/>
  <testcase classname="demo.TestNGDependencyDemo" name="test2" time="0.016"/>
  <system-out/>
</testsuite> <!-- demo.TestNGDependencyDemo -->
