<?xml version="1.0" encoding="UTF-8"?>
<!-- Generated by org.testng.reporters.JUnitReportReporter -->
<testsuite hostname="sugantha" failures="0" tests="1" name="test.TestNG_Demeo2" time="20.381" errors="0" timestamp="2021-08-28T20:44:05 IST" skipped="0">
  <testcase classname="test.TestNG_Demeo2" name="googleSearch3" time="20.381"/>
  <system-out/>
</testsuite> <!-- test.TestNG_Demeo2 -->
