<?xml version="1.0" encoding="UTF-8"?>
<!-- Generated by org.testng.reporters.JUnitReportReporter -->
<testsuite hostname="sugantha" failures="0" tests="1" name="demo.Test1" time="16.843" errors="0" timestamp="2021-09-04T18:27:16 IST" skipped="0">
  <testcase classname="demo.Test1" name="test1" time="16.843"/>
  <system-out/>
</testsuite> <!-- demo.Test1 -->
