<?xml version="1.0" encoding="UTF-8"?>
<!-- Generated by org.testng.reporters.JUnitReportReporter -->
<testsuite hostname="sugantha" failures="0" tests="1" name="test.TestNG_Demeo" time="14.307" errors="0" timestamp="2021-08-29T12:41:40 IST" skipped="0">
  <testcase classname="test.TestNG_Demeo" name="googleSearch" time="14.307"/>
  <system-out/>
</testsuite> <!-- test.TestNG_Demeo -->
