<?xml version="1.0" encoding="UTF-8"?>
<!-- Generated by org.testng.reporters.JUnitReportReporter -->
<testsuite hostname="sugantha" failures="0" tests="3" name="demo.TestNGPriorityDemo" time="0.022" errors="0" timestamp="2021-08-31T10:39:11 IST" skipped="0">
  <testcase classname="demo.TestNGPriorityDemo" name="test1" time="0.014"/>
  <system-out/>
  <testcase classname="demo.TestNGPriorityDemo" name="test2" time="0.005"/>
  <system-out/>
  <testcase classname="demo.TestNGPriorityDemo" name="test3" time="0.003"/>
  <system-out/>
</testsuite> <!-- demo.TestNGPriorityDemo -->
