<?xml version="1.0" encoding="UTF-8"?>
<!-- Generated by org.testng.reporters.JUnitReportReporter -->
<testsuite hostname="sugantha" failures="0" tests="1" name="demo.Test1" time="24.990" errors="0" timestamp="2021-08-31T21:37:04 IST" skipped="0">
  <testcase classname="demo.Test1" name="test1" time="24.990"/>
  <system-out/>
</testsuite> <!-- demo.Test1 -->
