<?xml version="1.0" encoding="UTF-8"?>
<!-- Generated by org.testng.reporters.JUnitReportReporter -->
<testsuite hostname="sugantha" failures="0" tests="1" name="demo.TestNGParametersDemo" time="0.014" errors="0" timestamp="2021-08-31T16:50:59 IST" skipped="0">
  <testcase classname="demo.TestNGParametersDemo" name="test" time="0.014"/>
  <system-out/>
</testsuite> <!-- demo.TestNGParametersDemo -->
