<?xml version="1.0" encoding="UTF-8"?>
<!-- Generated by org.testng.reporters.JUnitReportReporter -->
<testsuite hostname="sugantha" failures="0" tests="1" name="demo.TestNGIgnoreDemo" time="0.017" errors="0" timestamp="2021-08-31T17:49:59 IST" skipped="0">
  <testcase classname="demo.TestNGIgnoreDemo" name="test2" time="0.017"/>
  <system-out/>
</testsuite> <!-- demo.TestNGIgnoreDemo -->
