<?xml version="1.0" encoding="UTF-8"?>
<!-- Generated by org.testng.reporters.JUnitReportReporter -->
<testsuite hostname="sugantha" failures="0" tests="1" name="demo.TestNGParametersDemo" time="0.013" errors="0" timestamp="2021-09-04T18:16:29 IST" skipped="0">
  <testcase classname="demo.TestNGParametersDemo" name="test" time="0.013"/>
  <system-out/>
</testsuite> <!-- demo.TestNGParametersDemo -->
