<?xml version="1.0" encoding="UTF-8"?>
<!-- Generated by org.testng.reporters.JUnitReportReporter -->
<testsuite hostname="sugantha" failures="0" tests="1" name="test.TestNG_Demo" time="6.905" errors="0" timestamp="2021-08-29T12:58:23 IST" skipped="0">
  <testcase classname="test.TestNG_Demo" name="googleSearch" time="6.905"/>
  <system-out/>
</testsuite> <!-- test.TestNG_Demo -->
