<?xml version="1.0" encoding="UTF-8"?>
<!-- Generated by org.testng.reporters.JUnitReportReporter -->
<testsuite hostname="sugantha" failures="0" tests="2" name="test.ExtentReportsDemoWithTestNG" time="8.449" errors="0" timestamp="2021-08-28T12:49:47 IST" skipped="0">
  <testcase classname="test.ExtentReportsDemoWithTestNG" name="test2" time="0.004"/>
  <system-out/>
  <testcase classname="test.ExtentReportsDemoWithTestNG" name="test1" time="8.445"/>
  <system-out/>
</testsuite> <!-- test.ExtentReportsDemoWithTestNG -->
