<?xml version="1.0" encoding="UTF-8"?>
<!-- Generated by org.testng.reporters.JUnitReportReporter -->
<testsuite hostname="sugantha" failures="0" tests="4" name="demo.TestNGGroupsDemo" time="0.025" errors="0" timestamp="2021-08-31T17:26:17 IST" skipped="0">
  <testcase classname="demo.TestNGGroupsDemo" name="test1" time="0.018"/>
  <system-out/>
  <testcase classname="demo.TestNGGroupsDemo" name="test4" time="0.001"/>
  <system-out/>
  <testcase classname="demo.TestNGGroupsDemo" name="test2" time="0.003"/>
  <system-out/>
  <testcase classname="demo.TestNGGroupsDemo" name="test3" time="0.003"/>
  <system-out/>
</testsuite> <!-- demo.TestNGGroupsDemo -->
